Determining if the pthread_create exist failed with the following output:
Change Dir: /home/arne/Documents/Studium/Semester 4/CG/Task1/build/CMakeFiles/CMakeTmp

Run Build Command:"/usr/bin/make" "cmTC_b09f4/fast"
/usr/bin/make -f CMakeFiles/cmTC_b09f4.dir/build.make CMakeFiles/cmTC_b09f4.dir/build
make[1]: Entering directory '/home/arne/Documents/Studium/Semester 4/CG/Task1/build/CMakeFiles/CMakeTmp'
Building C object CMakeFiles/cmTC_b09f4.dir/CheckSymbolExists.c.o
/usr/bin/cc     -o CMakeFiles/cmTC_b09f4.dir/CheckSymbolExists.c.o   -c "/home/arne/Documents/Studium/Semester 4/CG/Task1/build/CMakeFiles/CMakeTmp/CheckSymbolExists.c"
Linking C executable cmTC_b09f4
/usr/bin/cmake -E cmake_link_script CMakeFiles/cmTC_b09f4.dir/link.txt --verbose=1
/usr/bin/cc       CMakeFiles/cmTC_b09f4.dir/CheckSymbolExists.c.o  -o cmTC_b09f4 -rdynamic 
CMakeFiles/cmTC_b09f4.dir/CheckSymbolExists.c.o: In function `main':
CheckSymbolExists.c:(.text+0x16): undefined reference to `pthread_create'
collect2: error: ld returned 1 exit status
CMakeFiles/cmTC_b09f4.dir/build.make:97: recipe for target 'cmTC_b09f4' failed
make[1]: *** [cmTC_b09f4] Error 1
make[1]: Leaving directory '/home/arne/Documents/Studium/Semester 4/CG/Task1/build/CMakeFiles/CMakeTmp'
Makefile:126: recipe for target 'cmTC_b09f4/fast' failed
make: *** [cmTC_b09f4/fast] Error 2

File /home/arne/Documents/Studium/Semester 4/CG/Task1/build/CMakeFiles/CMakeTmp/CheckSymbolExists.c:
/* */
#include <pthread.h>

int main(int argc, char** argv)
{
  (void)argv;
#ifndef pthread_create
  return ((int*)(&pthread_create))[argc];
#else
  (void)argc;
  return 0;
#endif
}

Determining if the function pthread_create exists in the pthreads failed with the following output:
Change Dir: /home/arne/Documents/Studium/Semester 4/CG/Task1/build/CMakeFiles/CMakeTmp

Run Build Command:"/usr/bin/make" "cmTC_6a334/fast"
/usr/bin/make -f CMakeFiles/cmTC_6a334.dir/build.make CMakeFiles/cmTC_6a334.dir/build
make[1]: Entering directory '/home/arne/Documents/Studium/Semester 4/CG/Task1/build/CMakeFiles/CMakeTmp'
Building C object CMakeFiles/cmTC_6a334.dir/CheckFunctionExists.c.o
/usr/bin/cc    -DCHECK_FUNCTION_EXISTS=pthread_create   -o CMakeFiles/cmTC_6a334.dir/CheckFunctionExists.c.o   -c /usr/share/cmake-3.5/Modules/CheckFunctionExists.c
Linking C executable cmTC_6a334
/usr/bin/cmake -E cmake_link_script CMakeFiles/cmTC_6a334.dir/link.txt --verbose=1
/usr/bin/cc   -DCHECK_FUNCTION_EXISTS=pthread_create    CMakeFiles/cmTC_6a334.dir/CheckFunctionExists.c.o  -o cmTC_6a334 -rdynamic -lpthreads 
/usr/bin/ld: cannot find -lpthreads
collect2: error: ld returned 1 exit status
CMakeFiles/cmTC_6a334.dir/build.make:97: recipe for target 'cmTC_6a334' failed
make[1]: *** [cmTC_6a334] Error 1
make[1]: Leaving directory '/home/arne/Documents/Studium/Semester 4/CG/Task1/build/CMakeFiles/CMakeTmp'
Makefile:126: recipe for target 'cmTC_6a334/fast' failed
make: *** [cmTC_6a334/fast] Error 2


Determining if the function glXGetProcAddressEXT exists failed with the following output:
Change Dir: /home/arne/Documents/Studium/Semester 4/CG/Task1/build/CMakeFiles/CMakeTmp

Run Build Command:"/usr/bin/make" "cmTC_aa5b8/fast"
/usr/bin/make -f CMakeFiles/cmTC_aa5b8.dir/build.make CMakeFiles/cmTC_aa5b8.dir/build
make[1]: Entering directory '/home/arne/Documents/Studium/Semester 4/CG/Task1/build/CMakeFiles/CMakeTmp'
Building C object CMakeFiles/cmTC_aa5b8.dir/CheckFunctionExists.c.o
/usr/bin/cc    -DCHECK_FUNCTION_EXISTS=glXGetProcAddressEXT   -o CMakeFiles/cmTC_aa5b8.dir/CheckFunctionExists.c.o   -c /usr/share/cmake-3.5/Modules/CheckFunctionExists.c
Linking C executable cmTC_aa5b8
/usr/bin/cmake -E cmake_link_script CMakeFiles/cmTC_aa5b8.dir/link.txt --verbose=1
/usr/bin/cc   -DCHECK_FUNCTION_EXISTS=glXGetProcAddressEXT    CMakeFiles/cmTC_aa5b8.dir/CheckFunctionExists.c.o  -o cmTC_aa5b8 -rdynamic /usr/lib64/libGL.so 
CMakeFiles/cmTC_aa5b8.dir/CheckFunctionExists.c.o: In function `main':
CheckFunctionExists.c:(.text+0x15): undefined reference to `glXGetProcAddressEXT'
collect2: error: ld returned 1 exit status
CMakeFiles/cmTC_aa5b8.dir/build.make:98: recipe for target 'cmTC_aa5b8' failed
make[1]: *** [cmTC_aa5b8] Error 1
make[1]: Leaving directory '/home/arne/Documents/Studium/Semester 4/CG/Task1/build/CMakeFiles/CMakeTmp'
Makefile:126: recipe for target 'cmTC_aa5b8/fast' failed
make: *** [cmTC_aa5b8/fast] Error 2


