The system is: Linux - 4.4.12-1-MANJARO - x86_64
Compiling the C compiler identification source file "CMakeCCompilerId.c" succeeded.
Compiler: /usr/bin/cc 
Build flags: 
Id flags: 

The output was:
0


Compilation of the C compiler identification source "CMakeCCompilerId.c" produced "a.out"

The C compiler identification is GNU, found in "/run/media/arne/data/Studium/Semester 4/CG/Task4/build/CMakeFiles/3.5.2/CompilerIdC/a.out"

Compiling the CXX compiler identification source file "CMakeCXXCompilerId.cpp" succeeded.
Compiler: /usr/bin/c++ 
Build flags: 
Id flags: 

The output was:
0


Compilation of the CXX compiler identification source "CMakeCXXCompilerId.cpp" produced "a.out"

The CXX compiler identification is GNU, found in "/run/media/arne/data/Studium/Semester 4/CG/Task4/build/CMakeFiles/3.5.2/CompilerIdCXX/a.out"

Determining if the C compiler works passed with the following output:
Change Dir: /run/media/arne/data/Studium/Semester 4/CG/Task4/build/CMakeFiles/CMakeTmp

Run Build Command:"/usr/bin/make" "cmTC_57240/fast"
/usr/bin/make -f CMakeFiles/cmTC_57240.dir/build.make CMakeFiles/cmTC_57240.dir/build
make[1]: Entering directory '/run/media/arne/data/Studium/Semester 4/CG/Task4/build/CMakeFiles/CMakeTmp'
Building C object CMakeFiles/cmTC_57240.dir/testCCompiler.c.o
/usr/bin/cc     -o CMakeFiles/cmTC_57240.dir/testCCompiler.c.o   -c "/run/media/arne/data/Studium/Semester 4/CG/Task4/build/CMakeFiles/CMakeTmp/testCCompiler.c"
Linking C executable cmTC_57240
/usr/bin/cmake -E cmake_link_script CMakeFiles/cmTC_57240.dir/link.txt --verbose=1
/usr/bin/cc       CMakeFiles/cmTC_57240.dir/testCCompiler.c.o  -o cmTC_57240 -rdynamic 
make[1]: Leaving directory '/run/media/arne/data/Studium/Semester 4/CG/Task4/build/CMakeFiles/CMakeTmp'


Detecting C compiler ABI info compiled with the following output:
Change Dir: /run/media/arne/data/Studium/Semester 4/CG/Task4/build/CMakeFiles/CMakeTmp

Run Build Command:"/usr/bin/make" "cmTC_97795/fast"
/usr/bin/make -f CMakeFiles/cmTC_97795.dir/build.make CMakeFiles/cmTC_97795.dir/build
make[1]: Entering directory '/run/media/arne/data/Studium/Semester 4/CG/Task4/build/CMakeFiles/CMakeTmp'
Building C object CMakeFiles/cmTC_97795.dir/CMakeCCompilerABI.c.o
/usr/bin/cc     -o CMakeFiles/cmTC_97795.dir/CMakeCCompilerABI.c.o   -c /usr/share/cmake-3.5/Modules/CMakeCCompilerABI.c
Linking C executable cmTC_97795
/usr/bin/cmake -E cmake_link_script CMakeFiles/cmTC_97795.dir/link.txt --verbose=1
/usr/bin/cc      -v CMakeFiles/cmTC_97795.dir/CMakeCCompilerABI.c.o  -o cmTC_97795 -rdynamic  
Using built-in specs.
COLLECT_GCC=/usr/bin/cc
COLLECT_LTO_WRAPPER=/usr/lib/gcc/x86_64-unknown-linux-gnu/5.3.0/lto-wrapper
Target: x86_64-unknown-linux-gnu
Configured with: /build/gcc/src/gcc-5-20160209/configure --prefix=/usr --libdir=/usr/lib --libexecdir=/usr/lib --mandir=/usr/share/man --infodir=/usr/share/info --with-bugurl=https://bugs.archlinux.org/ --enable-languages=c,c++,ada,fortran,go,lto,objc,obj-c++ --enable-shared --enable-threads=posix --enable-libmpx --with-system-zlib --with-isl --enable-__cxa_atexit --disable-libunwind-exceptions --enable-clocale=gnu --disable-libstdcxx-pch --disable-libssp --enable-gnu-unique-object --enable-linker-build-id --enable-lto --enable-plugin --enable-install-libiberty --with-linker-hash-style=gnu --enable-gnu-indirect-function --disable-multilib --disable-werror --enable-checking=release
Thread model: posix
gcc version 5.3.0 (GCC) 
COMPILER_PATH=/usr/lib/gcc/x86_64-unknown-linux-gnu/5.3.0/:/usr/lib/gcc/x86_64-unknown-linux-gnu/5.3.0/:/usr/lib/gcc/x86_64-unknown-linux-gnu/:/usr/lib/gcc/x86_64-unknown-linux-gnu/5.3.0/:/usr/lib/gcc/x86_64-unknown-linux-gnu/
LIBRARY_PATH=/usr/lib/gcc/x86_64-unknown-linux-gnu/5.3.0/:/usr/lib/gcc/x86_64-unknown-linux-gnu/5.3.0/../../../../lib/:/lib/../lib/:/usr/lib/../lib/:/usr/lib/gcc/x86_64-unknown-linux-gnu/5.3.0/../../../:/lib/:/usr/lib/
COLLECT_GCC_OPTIONS='-v' '-o' 'cmTC_97795' '-rdynamic' '-mtune=generic' '-march=x86-64'
 /usr/lib/gcc/x86_64-unknown-linux-gnu/5.3.0/collect2 -plugin /usr/lib/gcc/x86_64-unknown-linux-gnu/5.3.0/liblto_plugin.so -plugin-opt=/usr/lib/gcc/x86_64-unknown-linux-gnu/5.3.0/lto-wrapper -plugin-opt=-fresolution=/tmp/ccB4HXpH.res -plugin-opt=-pass-through=-lgcc -plugin-opt=-pass-through=-lgcc_s -plugin-opt=-pass-through=-lc -plugin-opt=-pass-through=-lgcc -plugin-opt=-pass-through=-lgcc_s --build-id --eh-frame-hdr --hash-style=gnu -m elf_x86_64 -export-dynamic -dynamic-linker /lib64/ld-linux-x86-64.so.2 -o cmTC_97795 /usr/lib/gcc/x86_64-unknown-linux-gnu/5.3.0/../../../../lib/crt1.o /usr/lib/gcc/x86_64-unknown-linux-gnu/5.3.0/../../../../lib/crti.o /usr/lib/gcc/x86_64-unknown-linux-gnu/5.3.0/crtbegin.o -L/usr/lib/gcc/x86_64-unknown-linux-gnu/5.3.0 -L/usr/lib/gcc/x86_64-unknown-linux-gnu/5.3.0/../../../../lib -L/lib/../lib -L/usr/lib/../lib -L/usr/lib/gcc/x86_64-unknown-linux-gnu/5.3.0/../../.. CMakeFiles/cmTC_97795.dir/CMakeCCompilerABI.c.o -lgcc --as-needed -lgcc_s --no-as-needed -lc -lgcc --as-needed -lgcc_s --no-as-needed /usr/lib/gcc/x86_64-unknown-linux-gnu/5.3.0/crtend.o /usr/lib/gcc/x86_64-unknown-linux-gnu/5.3.0/../../../../lib/crtn.o
make[1]: Leaving directory '/run/media/arne/data/Studium/Semester 4/CG/Task4/build/CMakeFiles/CMakeTmp'


Parsed C implicit link information from above output:
  link line regex: [^( *|.*[/\])(ld|([^/\]+-)?ld|collect2)[^/\]*( |$)]
  ignore line: [Change Dir: /run/media/arne/data/Studium/Semester 4/CG/Task4/build/CMakeFiles/CMakeTmp]
  ignore line: []
  ignore line: [Run Build Command:"/usr/bin/make" "cmTC_97795/fast"]
  ignore line: [/usr/bin/make -f CMakeFiles/cmTC_97795.dir/build.make CMakeFiles/cmTC_97795.dir/build]
  ignore line: [make[1]: Entering directory '/run/media/arne/data/Studium/Semester 4/CG/Task4/build/CMakeFiles/CMakeTmp']
  ignore line: [Building C object CMakeFiles/cmTC_97795.dir/CMakeCCompilerABI.c.o]
  ignore line: [/usr/bin/cc     -o CMakeFiles/cmTC_97795.dir/CMakeCCompilerABI.c.o   -c /usr/share/cmake-3.5/Modules/CMakeCCompilerABI.c]
  ignore line: [Linking C executable cmTC_97795]
  ignore line: [/usr/bin/cmake -E cmake_link_script CMakeFiles/cmTC_97795.dir/link.txt --verbose=1]
  ignore line: [/usr/bin/cc      -v CMakeFiles/cmTC_97795.dir/CMakeCCompilerABI.c.o  -o cmTC_97795 -rdynamic  ]
  ignore line: [Using built-in specs.]
  ignore line: [COLLECT_GCC=/usr/bin/cc]
  ignore line: [COLLECT_LTO_WRAPPER=/usr/lib/gcc/x86_64-unknown-linux-gnu/5.3.0/lto-wrapper]
  ignore line: [Target: x86_64-unknown-linux-gnu]
  ignore line: [Configured with: /build/gcc/src/gcc-5-20160209/configure --prefix=/usr --libdir=/usr/lib --libexecdir=/usr/lib --mandir=/usr/share/man --infodir=/usr/share/info --with-bugurl=https://bugs.archlinux.org/ --enable-languages=c,c++,ada,fortran,go,lto,objc,obj-c++ --enable-shared --enable-threads=posix --enable-libmpx --with-system-zlib --with-isl --enable-__cxa_atexit --disable-libunwind-exceptions --enable-clocale=gnu --disable-libstdcxx-pch --disable-libssp --enable-gnu-unique-object --enable-linker-build-id --enable-lto --enable-plugin --enable-install-libiberty --with-linker-hash-style=gnu --enable-gnu-indirect-function --disable-multilib --disable-werror --enable-checking=release]
  ignore line: [Thread model: posix]
  ignore line: [gcc version 5.3.0 (GCC) ]
  ignore line: [COMPILER_PATH=/usr/lib/gcc/x86_64-unknown-linux-gnu/5.3.0/:/usr/lib/gcc/x86_64-unknown-linux-gnu/5.3.0/:/usr/lib/gcc/x86_64-unknown-linux-gnu/:/usr/lib/gcc/x86_64-unknown-linux-gnu/5.3.0/:/usr/lib/gcc/x86_64-unknown-linux-gnu/]
  ignore line: [LIBRARY_PATH=/usr/lib/gcc/x86_64-unknown-linux-gnu/5.3.0/:/usr/lib/gcc/x86_64-unknown-linux-gnu/5.3.0/../../../../lib/:/lib/../lib/:/usr/lib/../lib/:/usr/lib/gcc/x86_64-unknown-linux-gnu/5.3.0/../../../:/lib/:/usr/lib/]
  ignore line: [COLLECT_GCC_OPTIONS='-v' '-o' 'cmTC_97795' '-rdynamic' '-mtune=generic' '-march=x86-64']
  link line: [ /usr/lib/gcc/x86_64-unknown-linux-gnu/5.3.0/collect2 -plugin /usr/lib/gcc/x86_64-unknown-linux-gnu/5.3.0/liblto_plugin.so -plugin-opt=/usr/lib/gcc/x86_64-unknown-linux-gnu/5.3.0/lto-wrapper -plugin-opt=-fresolution=/tmp/ccB4HXpH.res -plugin-opt=-pass-through=-lgcc -plugin-opt=-pass-through=-lgcc_s -plugin-opt=-pass-through=-lc -plugin-opt=-pass-through=-lgcc -plugin-opt=-pass-through=-lgcc_s --build-id --eh-frame-hdr --hash-style=gnu -m elf_x86_64 -export-dynamic -dynamic-linker /lib64/ld-linux-x86-64.so.2 -o cmTC_97795 /usr/lib/gcc/x86_64-unknown-linux-gnu/5.3.0/../../../../lib/crt1.o /usr/lib/gcc/x86_64-unknown-linux-gnu/5.3.0/../../../../lib/crti.o /usr/lib/gcc/x86_64-unknown-linux-gnu/5.3.0/crtbegin.o -L/usr/lib/gcc/x86_64-unknown-linux-gnu/5.3.0 -L/usr/lib/gcc/x86_64-unknown-linux-gnu/5.3.0/../../../../lib -L/lib/../lib -L/usr/lib/../lib -L/usr/lib/gcc/x86_64-unknown-linux-gnu/5.3.0/../../.. CMakeFiles/cmTC_97795.dir/CMakeCCompilerABI.c.o -lgcc --as-needed -lgcc_s --no-as-needed -lc -lgcc --as-needed -lgcc_s --no-as-needed /usr/lib/gcc/x86_64-unknown-linux-gnu/5.3.0/crtend.o /usr/lib/gcc/x86_64-unknown-linux-gnu/5.3.0/../../../../lib/crtn.o]
    arg [/usr/lib/gcc/x86_64-unknown-linux-gnu/5.3.0/collect2] ==> ignore
    arg [-plugin] ==> ignore
    arg [/usr/lib/gcc/x86_64-unknown-linux-gnu/5.3.0/liblto_plugin.so] ==> ignore
    arg [-plugin-opt=/usr/lib/gcc/x86_64-unknown-linux-gnu/5.3.0/lto-wrapper] ==> ignore
    arg [-plugin-opt=-fresolution=/tmp/ccB4HXpH.res] ==> ignore
    arg [-plugin-opt=-pass-through=-lgcc] ==> ignore
    arg [-plugin-opt=-pass-through=-lgcc_s] ==> ignore
    arg [-plugin-opt=-pass-through=-lc] ==> ignore
    arg [-plugin-opt=-pass-through=-lgcc] ==> ignore
    arg [-plugin-opt=-pass-through=-lgcc_s] ==> ignore
    arg [--build-id] ==> ignore
    arg [--eh-frame-hdr] ==> ignore
    arg [--hash-style=gnu] ==> ignore
    arg [-m] ==> ignore
    arg [elf_x86_64] ==> ignore
    arg [-export-dynamic] ==> ignore
    arg [-dynamic-linker] ==> ignore
    arg [/lib64/ld-linux-x86-64.so.2] ==> ignore
    arg [-o] ==> ignore
    arg [cmTC_97795] ==> ignore
    arg [/usr/lib/gcc/x86_64-unknown-linux-gnu/5.3.0/../../../../lib/crt1.o] ==> ignore
    arg [/usr/lib/gcc/x86_64-unknown-linux-gnu/5.3.0/../../../../lib/crti.o] ==> ignore
    arg [/usr/lib/gcc/x86_64-unknown-linux-gnu/5.3.0/crtbegin.o] ==> ignore
    arg [-L/usr/lib/gcc/x86_64-unknown-linux-gnu/5.3.0] ==> dir [/usr/lib/gcc/x86_64-unknown-linux-gnu/5.3.0]
    arg [-L/usr/lib/gcc/x86_64-unknown-linux-gnu/5.3.0/../../../../lib] ==> dir [/usr/lib/gcc/x86_64-unknown-linux-gnu/5.3.0/../../../../lib]
    arg [-L/lib/../lib] ==> dir [/lib/../lib]
    arg [-L/usr/lib/../lib] ==> dir [/usr/lib/../lib]
    arg [-L/usr/lib/gcc/x86_64-unknown-linux-gnu/5.3.0/../../..] ==> dir [/usr/lib/gcc/x86_64-unknown-linux-gnu/5.3.0/../../..]
    arg [CMakeFiles/cmTC_97795.dir/CMakeCCompilerABI.c.o] ==> ignore
    arg [-lgcc] ==> lib [gcc]
    arg [--as-needed] ==> ignore
    arg [-lgcc_s] ==> lib [gcc_s]
    arg [--no-as-needed] ==> ignore
    arg [-lc] ==> lib [c]
    arg [-lgcc] ==> lib [gcc]
    arg [--as-needed] ==> ignore
    arg [-lgcc_s] ==> lib [gcc_s]
    arg [--no-as-needed] ==> ignore
    arg [/usr/lib/gcc/x86_64-unknown-linux-gnu/5.3.0/crtend.o] ==> ignore
    arg [/usr/lib/gcc/x86_64-unknown-linux-gnu/5.3.0/../../../../lib/crtn.o] ==> ignore
  remove lib [gcc]
  remove lib [gcc_s]
  remove lib [gcc]
  remove lib [gcc_s]
  collapse library dir [/usr/lib/gcc/x86_64-unknown-linux-gnu/5.3.0] ==> [/usr/lib/gcc/x86_64-unknown-linux-gnu/5.3.0]
  collapse library dir [/usr/lib/gcc/x86_64-unknown-linux-gnu/5.3.0/../../../../lib] ==> [/usr/lib]
  collapse library dir [/lib/../lib] ==> [/lib]
  collapse library dir [/usr/lib/../lib] ==> [/usr/lib]
  collapse library dir [/usr/lib/gcc/x86_64-unknown-linux-gnu/5.3.0/../../..] ==> [/usr/lib]
  implicit libs: [c]
  implicit dirs: [/usr/lib/gcc/x86_64-unknown-linux-gnu/5.3.0;/usr/lib;/lib]
  implicit fwks: []




Detecting C [-std=c11] compiler features compiled with the following output:
Change Dir: /run/media/arne/data/Studium/Semester 4/CG/Task4/build/CMakeFiles/CMakeTmp

Run Build Command:"/usr/bin/make" "cmTC_2e6e1/fast"
/usr/bin/make -f CMakeFiles/cmTC_2e6e1.dir/build.make CMakeFiles/cmTC_2e6e1.dir/build
make[1]: Entering directory '/run/media/arne/data/Studium/Semester 4/CG/Task4/build/CMakeFiles/CMakeTmp'
Building C object CMakeFiles/cmTC_2e6e1.dir/feature_tests.c.o
/usr/bin/cc    -std=c11 -o CMakeFiles/cmTC_2e6e1.dir/feature_tests.c.o   -c "/run/media/arne/data/Studium/Semester 4/CG/Task4/build/CMakeFiles/feature_tests.c"
Linking C executable cmTC_2e6e1
/usr/bin/cmake -E cmake_link_script CMakeFiles/cmTC_2e6e1.dir/link.txt --verbose=1
/usr/bin/cc       CMakeFiles/cmTC_2e6e1.dir/feature_tests.c.o  -o cmTC_2e6e1 -rdynamic 
make[1]: Leaving directory '/run/media/arne/data/Studium/Semester 4/CG/Task4/build/CMakeFiles/CMakeTmp'


    Feature record: C_FEATURE:1c_function_prototypes
    Feature record: C_FEATURE:1c_restrict
    Feature record: C_FEATURE:1c_static_assert
    Feature record: C_FEATURE:1c_variadic_macros


Detecting C [-std=c99] compiler features compiled with the following output:
Change Dir: /run/media/arne/data/Studium/Semester 4/CG/Task4/build/CMakeFiles/CMakeTmp

Run Build Command:"/usr/bin/make" "cmTC_7fe45/fast"
/usr/bin/make -f CMakeFiles/cmTC_7fe45.dir/build.make CMakeFiles/cmTC_7fe45.dir/build
make[1]: Entering directory '/run/media/arne/data/Studium/Semester 4/CG/Task4/build/CMakeFiles/CMakeTmp'
Building C object CMakeFiles/cmTC_7fe45.dir/feature_tests.c.o
/usr/bin/cc    -std=c99 -o CMakeFiles/cmTC_7fe45.dir/feature_tests.c.o   -c "/run/media/arne/data/Studium/Semester 4/CG/Task4/build/CMakeFiles/feature_tests.c"
Linking C executable cmTC_7fe45
/usr/bin/cmake -E cmake_link_script CMakeFiles/cmTC_7fe45.dir/link.txt --verbose=1
/usr/bin/cc       CMakeFiles/cmTC_7fe45.dir/feature_tests.c.o  -o cmTC_7fe45 -rdynamic 
make[1]: Leaving directory '/run/media/arne/data/Studium/Semester 4/CG/Task4/build/CMakeFiles/CMakeTmp'


    Feature record: C_FEATURE:1c_function_prototypes
    Feature record: C_FEATURE:1c_restrict
    Feature record: C_FEATURE:0c_static_assert
    Feature record: C_FEATURE:1c_variadic_macros


Detecting C [-std=c90] compiler features compiled with the following output:
Change Dir: /run/media/arne/data/Studium/Semester 4/CG/Task4/build/CMakeFiles/CMakeTmp

Run Build Command:"/usr/bin/make" "cmTC_61328/fast"
/usr/bin/make -f CMakeFiles/cmTC_61328.dir/build.make CMakeFiles/cmTC_61328.dir/build
make[1]: Entering directory '/run/media/arne/data/Studium/Semester 4/CG/Task4/build/CMakeFiles/CMakeTmp'
Building C object CMakeFiles/cmTC_61328.dir/feature_tests.c.o
/usr/bin/cc    -std=c90 -o CMakeFiles/cmTC_61328.dir/feature_tests.c.o   -c "/run/media/arne/data/Studium/Semester 4/CG/Task4/build/CMakeFiles/feature_tests.c"
Linking C executable cmTC_61328
/usr/bin/cmake -E cmake_link_script CMakeFiles/cmTC_61328.dir/link.txt --verbose=1
/usr/bin/cc       CMakeFiles/cmTC_61328.dir/feature_tests.c.o  -o cmTC_61328 -rdynamic 
make[1]: Leaving directory '/run/media/arne/data/Studium/Semester 4/CG/Task4/build/CMakeFiles/CMakeTmp'


    Feature record: C_FEATURE:1c_function_prototypes
    Feature record: C_FEATURE:0c_restrict
    Feature record: C_FEATURE:0c_static_assert
    Feature record: C_FEATURE:0c_variadic_macros
Determining if the CXX compiler works passed with the following output:
Change Dir: /run/media/arne/data/Studium/Semester 4/CG/Task4/build/CMakeFiles/CMakeTmp

Run Build Command:"/usr/bin/make" "cmTC_4ed13/fast"
/usr/bin/make -f CMakeFiles/cmTC_4ed13.dir/build.make CMakeFiles/cmTC_4ed13.dir/build
make[1]: Entering directory '/run/media/arne/data/Studium/Semester 4/CG/Task4/build/CMakeFiles/CMakeTmp'
Building CXX object CMakeFiles/cmTC_4ed13.dir/testCXXCompiler.cxx.o
/usr/bin/c++      -o CMakeFiles/cmTC_4ed13.dir/testCXXCompiler.cxx.o -c "/run/media/arne/data/Studium/Semester 4/CG/Task4/build/CMakeFiles/CMakeTmp/testCXXCompiler.cxx"
Linking CXX executable cmTC_4ed13
/usr/bin/cmake -E cmake_link_script CMakeFiles/cmTC_4ed13.dir/link.txt --verbose=1
/usr/bin/c++        CMakeFiles/cmTC_4ed13.dir/testCXXCompiler.cxx.o  -o cmTC_4ed13 -rdynamic 
make[1]: Leaving directory '/run/media/arne/data/Studium/Semester 4/CG/Task4/build/CMakeFiles/CMakeTmp'


Detecting CXX compiler ABI info compiled with the following output:
Change Dir: /run/media/arne/data/Studium/Semester 4/CG/Task4/build/CMakeFiles/CMakeTmp

Run Build Command:"/usr/bin/make" "cmTC_1e648/fast"
/usr/bin/make -f CMakeFiles/cmTC_1e648.dir/build.make CMakeFiles/cmTC_1e648.dir/build
make[1]: Entering directory '/run/media/arne/data/Studium/Semester 4/CG/Task4/build/CMakeFiles/CMakeTmp'
Building CXX object CMakeFiles/cmTC_1e648.dir/CMakeCXXCompilerABI.cpp.o
/usr/bin/c++      -o CMakeFiles/cmTC_1e648.dir/CMakeCXXCompilerABI.cpp.o -c /usr/share/cmake-3.5/Modules/CMakeCXXCompilerABI.cpp
Linking CXX executable cmTC_1e648
/usr/bin/cmake -E cmake_link_script CMakeFiles/cmTC_1e648.dir/link.txt --verbose=1
/usr/bin/c++       -v CMakeFiles/cmTC_1e648.dir/CMakeCXXCompilerABI.cpp.o  -o cmTC_1e648 -rdynamic  
Using built-in specs.
COLLECT_GCC=/usr/bin/c++
COLLECT_LTO_WRAPPER=/usr/lib/gcc/x86_64-unknown-linux-gnu/5.3.0/lto-wrapper
Target: x86_64-unknown-linux-gnu
Configured with: /build/gcc/src/gcc-5-20160209/configure --prefix=/usr --libdir=/usr/lib --libexecdir=/usr/lib --mandir=/usr/share/man --infodir=/usr/share/info --with-bugurl=https://bugs.archlinux.org/ --enable-languages=c,c++,ada,fortran,go,lto,objc,obj-c++ --enable-shared --enable-threads=posix --enable-libmpx --with-system-zlib --with-isl --enable-__cxa_atexit --disable-libunwind-exceptions --enable-clocale=gnu --disable-libstdcxx-pch --disable-libssp --enable-gnu-unique-object --enable-linker-build-id --enable-lto --enable-plugin --enable-install-libiberty --with-linker-hash-style=gnu --enable-gnu-indirect-function --disable-multilib --disable-werror --enable-checking=release
Thread model: posix
gcc version 5.3.0 (GCC) 
COMPILER_PATH=/usr/lib/gcc/x86_64-unknown-linux-gnu/5.3.0/:/usr/lib/gcc/x86_64-unknown-linux-gnu/5.3.0/:/usr/lib/gcc/x86_64-unknown-linux-gnu/:/usr/lib/gcc/x86_64-unknown-linux-gnu/5.3.0/:/usr/lib/gcc/x86_64-unknown-linux-gnu/
LIBRARY_PATH=/usr/lib/gcc/x86_64-unknown-linux-gnu/5.3.0/:/usr/lib/gcc/x86_64-unknown-linux-gnu/5.3.0/../../../../lib/:/lib/../lib/:/usr/lib/../lib/:/usr/lib/gcc/x86_64-unknown-linux-gnu/5.3.0/../../../:/lib/:/usr/lib/
COLLECT_GCC_OPTIONS='-v' '-o' 'cmTC_1e648' '-rdynamic' '-shared-libgcc' '-mtune=generic' '-march=x86-64'
 /usr/lib/gcc/x86_64-unknown-linux-gnu/5.3.0/collect2 -plugin /usr/lib/gcc/x86_64-unknown-linux-gnu/5.3.0/liblto_plugin.so -plugin-opt=/usr/lib/gcc/x86_64-unknown-linux-gnu/5.3.0/lto-wrapper -plugin-opt=-fresolution=/tmp/cc64Ti3Z.res -plugin-opt=-pass-through=-lgcc_s -plugin-opt=-pass-through=-lgcc -plugin-opt=-pass-through=-lc -plugin-opt=-pass-through=-lgcc_s -plugin-opt=-pass-through=-lgcc --build-id --eh-frame-hdr --hash-style=gnu -m elf_x86_64 -export-dynamic -dynamic-linker /lib64/ld-linux-x86-64.so.2 -o cmTC_1e648 /usr/lib/gcc/x86_64-unknown-linux-gnu/5.3.0/../../../../lib/crt1.o /usr/lib/gcc/x86_64-unknown-linux-gnu/5.3.0/../../../../lib/crti.o /usr/lib/gcc/x86_64-unknown-linux-gnu/5.3.0/crtbegin.o -L/usr/lib/gcc/x86_64-unknown-linux-gnu/5.3.0 -L/usr/lib/gcc/x86_64-unknown-linux-gnu/5.3.0/../../../../lib -L/lib/../lib -L/usr/lib/../lib -L/usr/lib/gcc/x86_64-unknown-linux-gnu/5.3.0/../../.. CMakeFiles/cmTC_1e648.dir/CMakeCXXCompilerABI.cpp.o -lstdc++ -lm -lgcc_s -lgcc -lc -lgcc_s -lgcc /usr/lib/gcc/x86_64-unknown-linux-gnu/5.3.0/crtend.o /usr/lib/gcc/x86_64-unknown-linux-gnu/5.3.0/../../../../lib/crtn.o
make[1]: Leaving directory '/run/media/arne/data/Studium/Semester 4/CG/Task4/build/CMakeFiles/CMakeTmp'


Parsed CXX implicit link information from above output:
  link line regex: [^( *|.*[/\])(ld|([^/\]+-)?ld|collect2)[^/\]*( |$)]
  ignore line: [Change Dir: /run/media/arne/data/Studium/Semester 4/CG/Task4/build/CMakeFiles/CMakeTmp]
  ignore line: []
  ignore line: [Run Build Command:"/usr/bin/make" "cmTC_1e648/fast"]
  ignore line: [/usr/bin/make -f CMakeFiles/cmTC_1e648.dir/build.make CMakeFiles/cmTC_1e648.dir/build]
  ignore line: [make[1]: Entering directory '/run/media/arne/data/Studium/Semester 4/CG/Task4/build/CMakeFiles/CMakeTmp']
  ignore line: [Building CXX object CMakeFiles/cmTC_1e648.dir/CMakeCXXCompilerABI.cpp.o]
  ignore line: [/usr/bin/c++      -o CMakeFiles/cmTC_1e648.dir/CMakeCXXCompilerABI.cpp.o -c /usr/share/cmake-3.5/Modules/CMakeCXXCompilerABI.cpp]
  ignore line: [Linking CXX executable cmTC_1e648]
  ignore line: [/usr/bin/cmake -E cmake_link_script CMakeFiles/cmTC_1e648.dir/link.txt --verbose=1]
  ignore line: [/usr/bin/c++       -v CMakeFiles/cmTC_1e648.dir/CMakeCXXCompilerABI.cpp.o  -o cmTC_1e648 -rdynamic  ]
  ignore line: [Using built-in specs.]
  ignore line: [COLLECT_GCC=/usr/bin/c++]
  ignore line: [COLLECT_LTO_WRAPPER=/usr/lib/gcc/x86_64-unknown-linux-gnu/5.3.0/lto-wrapper]
  ignore line: [Target: x86_64-unknown-linux-gnu]
  ignore line: [Configured with: /build/gcc/src/gcc-5-20160209/configure --prefix=/usr --libdir=/usr/lib --libexecdir=/usr/lib --mandir=/usr/share/man --infodir=/usr/share/info --with-bugurl=https://bugs.archlinux.org/ --enable-languages=c,c++,ada,fortran,go,lto,objc,obj-c++ --enable-shared --enable-threads=posix --enable-libmpx --with-system-zlib --with-isl --enable-__cxa_atexit --disable-libunwind-exceptions --enable-clocale=gnu --disable-libstdcxx-pch --disable-libssp --enable-gnu-unique-object --enable-linker-build-id --enable-lto --enable-plugin --enable-install-libiberty --with-linker-hash-style=gnu --enable-gnu-indirect-function --disable-multilib --disable-werror --enable-checking=release]
  ignore line: [Thread model: posix]
  ignore line: [gcc version 5.3.0 (GCC) ]
  ignore line: [COMPILER_PATH=/usr/lib/gcc/x86_64-unknown-linux-gnu/5.3.0/:/usr/lib/gcc/x86_64-unknown-linux-gnu/5.3.0/:/usr/lib/gcc/x86_64-unknown-linux-gnu/:/usr/lib/gcc/x86_64-unknown-linux-gnu/5.3.0/:/usr/lib/gcc/x86_64-unknown-linux-gnu/]
  ignore line: [LIBRARY_PATH=/usr/lib/gcc/x86_64-unknown-linux-gnu/5.3.0/:/usr/lib/gcc/x86_64-unknown-linux-gnu/5.3.0/../../../../lib/:/lib/../lib/:/usr/lib/../lib/:/usr/lib/gcc/x86_64-unknown-linux-gnu/5.3.0/../../../:/lib/:/usr/lib/]
  ignore line: [COLLECT_GCC_OPTIONS='-v' '-o' 'cmTC_1e648' '-rdynamic' '-shared-libgcc' '-mtune=generic' '-march=x86-64']
  link line: [ /usr/lib/gcc/x86_64-unknown-linux-gnu/5.3.0/collect2 -plugin /usr/lib/gcc/x86_64-unknown-linux-gnu/5.3.0/liblto_plugin.so -plugin-opt=/usr/lib/gcc/x86_64-unknown-linux-gnu/5.3.0/lto-wrapper -plugin-opt=-fresolution=/tmp/cc64Ti3Z.res -plugin-opt=-pass-through=-lgcc_s -plugin-opt=-pass-through=-lgcc -plugin-opt=-pass-through=-lc -plugin-opt=-pass-through=-lgcc_s -plugin-opt=-pass-through=-lgcc --build-id --eh-frame-hdr --hash-style=gnu -m elf_x86_64 -export-dynamic -dynamic-linker /lib64/ld-linux-x86-64.so.2 -o cmTC_1e648 /usr/lib/gcc/x86_64-unknown-linux-gnu/5.3.0/../../../../lib/crt1.o /usr/lib/gcc/x86_64-unknown-linux-gnu/5.3.0/../../../../lib/crti.o /usr/lib/gcc/x86_64-unknown-linux-gnu/5.3.0/crtbegin.o -L/usr/lib/gcc/x86_64-unknown-linux-gnu/5.3.0 -L/usr/lib/gcc/x86_64-unknown-linux-gnu/5.3.0/../../../../lib -L/lib/../lib -L/usr/lib/../lib -L/usr/lib/gcc/x86_64-unknown-linux-gnu/5.3.0/../../.. CMakeFiles/cmTC_1e648.dir/CMakeCXXCompilerABI.cpp.o -lstdc++ -lm -lgcc_s -lgcc -lc -lgcc_s -lgcc /usr/lib/gcc/x86_64-unknown-linux-gnu/5.3.0/crtend.o /usr/lib/gcc/x86_64-unknown-linux-gnu/5.3.0/../../../../lib/crtn.o]
    arg [/usr/lib/gcc/x86_64-unknown-linux-gnu/5.3.0/collect2] ==> ignore
    arg [-plugin] ==> ignore
    arg [/usr/lib/gcc/x86_64-unknown-linux-gnu/5.3.0/liblto_plugin.so] ==> ignore
    arg [-plugin-opt=/usr/lib/gcc/x86_64-unknown-linux-gnu/5.3.0/lto-wrapper] ==> ignore
    arg [-plugin-opt=-fresolution=/tmp/cc64Ti3Z.res] ==> ignore
    arg [-plugin-opt=-pass-through=-lgcc_s] ==> ignore
    arg [-plugin-opt=-pass-through=-lgcc] ==> ignore
    arg [-plugin-opt=-pass-through=-lc] ==> ignore
    arg [-plugin-opt=-pass-through=-lgcc_s] ==> ignore
    arg [-plugin-opt=-pass-through=-lgcc] ==> ignore
    arg [--build-id] ==> ignore
    arg [--eh-frame-hdr] ==> ignore
    arg [--hash-style=gnu] ==> ignore
    arg [-m] ==> ignore
    arg [elf_x86_64] ==> ignore
    arg [-export-dynamic] ==> ignore
    arg [-dynamic-linker] ==> ignore
    arg [/lib64/ld-linux-x86-64.so.2] ==> ignore
    arg [-o] ==> ignore
    arg [cmTC_1e648] ==> ignore
    arg [/usr/lib/gcc/x86_64-unknown-linux-gnu/5.3.0/../../../../lib/crt1.o] ==> ignore
    arg [/usr/lib/gcc/x86_64-unknown-linux-gnu/5.3.0/../../../../lib/crti.o] ==> ignore
    arg [/usr/lib/gcc/x86_64-unknown-linux-gnu/5.3.0/crtbegin.o] ==> ignore
    arg [-L/usr/lib/gcc/x86_64-unknown-linux-gnu/5.3.0] ==> dir [/usr/lib/gcc/x86_64-unknown-linux-gnu/5.3.0]
    arg [-L/usr/lib/gcc/x86_64-unknown-linux-gnu/5.3.0/../../../../lib] ==> dir [/usr/lib/gcc/x86_64-unknown-linux-gnu/5.3.0/../../../../lib]
    arg [-L/lib/../lib] ==> dir [/lib/../lib]
    arg [-L/usr/lib/../lib] ==> dir [/usr/lib/../lib]
    arg [-L/usr/lib/gcc/x86_64-unknown-linux-gnu/5.3.0/../../..] ==> dir [/usr/lib/gcc/x86_64-unknown-linux-gnu/5.3.0/../../..]
    arg [CMakeFiles/cmTC_1e648.dir/CMakeCXXCompilerABI.cpp.o] ==> ignore
    arg [-lstdc++] ==> lib [stdc++]
    arg [-lm] ==> lib [m]
    arg [-lgcc_s] ==> lib [gcc_s]
    arg [-lgcc] ==> lib [gcc]
    arg [-lc] ==> lib [c]
    arg [-lgcc_s] ==> lib [gcc_s]
    arg [-lgcc] ==> lib [gcc]
    arg [/usr/lib/gcc/x86_64-unknown-linux-gnu/5.3.0/crtend.o] ==> ignore
    arg [/usr/lib/gcc/x86_64-unknown-linux-gnu/5.3.0/../../../../lib/crtn.o] ==> ignore
  remove lib [gcc_s]
  remove lib [gcc]
  remove lib [gcc_s]
  remove lib [gcc]
  collapse library dir [/usr/lib/gcc/x86_64-unknown-linux-gnu/5.3.0] ==> [/usr/lib/gcc/x86_64-unknown-linux-gnu/5.3.0]
  collapse library dir [/usr/lib/gcc/x86_64-unknown-linux-gnu/5.3.0/../../../../lib] ==> [/usr/lib]
  collapse library dir [/lib/../lib] ==> [/lib]
  collapse library dir [/usr/lib/../lib] ==> [/usr/lib]
  collapse library dir [/usr/lib/gcc/x86_64-unknown-linux-gnu/5.3.0/../../..] ==> [/usr/lib]
  implicit libs: [stdc++;m;c]
  implicit dirs: [/usr/lib/gcc/x86_64-unknown-linux-gnu/5.3.0;/usr/lib;/lib]
  implicit fwks: []




Detecting CXX [-std=c++14] compiler features compiled with the following output:
Change Dir: /run/media/arne/data/Studium/Semester 4/CG/Task4/build/CMakeFiles/CMakeTmp

Run Build Command:"/usr/bin/make" "cmTC_24062/fast"
/usr/bin/make -f CMakeFiles/cmTC_24062.dir/build.make CMakeFiles/cmTC_24062.dir/build
make[1]: Entering directory '/run/media/arne/data/Studium/Semester 4/CG/Task4/build/CMakeFiles/CMakeTmp'
Building CXX object CMakeFiles/cmTC_24062.dir/feature_tests.cxx.o
/usr/bin/c++     -std=c++14 -o CMakeFiles/cmTC_24062.dir/feature_tests.cxx.o -c "/run/media/arne/data/Studium/Semester 4/CG/Task4/build/CMakeFiles/feature_tests.cxx"
Linking CXX executable cmTC_24062
/usr/bin/cmake -E cmake_link_script CMakeFiles/cmTC_24062.dir/link.txt --verbose=1
/usr/bin/c++        CMakeFiles/cmTC_24062.dir/feature_tests.cxx.o  -o cmTC_24062 -rdynamic 
make[1]: Leaving directory '/run/media/arne/data/Studium/Semester 4/CG/Task4/build/CMakeFiles/CMakeTmp'


    Feature record: CXX_FEATURE:1cxx_aggregate_default_initializers
    Feature record: CXX_FEATURE:1cxx_alias_templates
    Feature record: CXX_FEATURE:1cxx_alignas
    Feature record: CXX_FEATURE:1cxx_alignof
    Feature record: CXX_FEATURE:1cxx_attributes
    Feature record: CXX_FEATURE:1cxx_attribute_deprecated
    Feature record: CXX_FEATURE:1cxx_auto_type
    Feature record: CXX_FEATURE:1cxx_binary_literals
    Feature record: CXX_FEATURE:1cxx_constexpr
    Feature record: CXX_FEATURE:1cxx_contextual_conversions
    Feature record: CXX_FEATURE:1cxx_decltype
    Feature record: CXX_FEATURE:1cxx_decltype_auto
    Feature record: CXX_FEATURE:1cxx_decltype_incomplete_return_types
    Feature record: CXX_FEATURE:1cxx_default_function_template_args
    Feature record: CXX_FEATURE:1cxx_defaulted_functions
    Feature record: CXX_FEATURE:1cxx_defaulted_move_initializers
    Feature record: CXX_FEATURE:1cxx_delegating_constructors
    Feature record: CXX_FEATURE:1cxx_deleted_functions
    Feature record: CXX_FEATURE:1cxx_digit_separators
    Feature record: CXX_FEATURE:1cxx_enum_forward_declarations
    Feature record: CXX_FEATURE:1cxx_explicit_conversions
    Feature record: CXX_FEATURE:1cxx_extended_friend_declarations
    Feature record: CXX_FEATURE:1cxx_extern_templates
    Feature record: CXX_FEATURE:1cxx_final
    Feature record: CXX_FEATURE:1cxx_func_identifier
    Feature record: CXX_FEATURE:1cxx_generalized_initializers
    Feature record: CXX_FEATURE:1cxx_generic_lambdas
    Feature record: CXX_FEATURE:1cxx_inheriting_constructors
    Feature record: CXX_FEATURE:1cxx_inline_namespaces
    Feature record: CXX_FEATURE:1cxx_lambdas
    Feature record: CXX_FEATURE:1cxx_lambda_init_captures
    Feature record: CXX_FEATURE:1cxx_local_type_template_args
    Feature record: CXX_FEATURE:1cxx_long_long_type
    Feature record: CXX_FEATURE:1cxx_noexcept
    Feature record: CXX_FEATURE:1cxx_nonstatic_member_init
    Feature record: CXX_FEATURE:1cxx_nullptr
    Feature record: CXX_FEATURE:1cxx_override
    Feature record: CXX_FEATURE:1cxx_range_for
    Feature record: CXX_FEATURE:1cxx_raw_string_literals
    Feature record: CXX_FEATURE:1cxx_reference_qualified_functions
    Feature record: CXX_FEATURE:1cxx_relaxed_constexpr
    Feature record: CXX_FEATURE:1cxx_return_type_deduction
    Feature record: CXX_FEATURE:1cxx_right_angle_brackets
    Feature record: CXX_FEATURE:1cxx_rvalue_references
    Feature record: CXX_FEATURE:1cxx_sizeof_member
    Feature record: CXX_FEATURE:1cxx_static_assert
    Feature record: CXX_FEATURE:1cxx_strong_enums
    Feature record: CXX_FEATURE:1cxx_template_template_parameters
    Feature record: CXX_FEATURE:1cxx_thread_local
    Feature record: CXX_FEATURE:1cxx_trailing_return_types
    Feature record: CXX_FEATURE:1cxx_unicode_literals
    Feature record: CXX_FEATURE:1cxx_uniform_initialization
    Feature record: CXX_FEATURE:1cxx_unrestricted_unions
    Feature record: CXX_FEATURE:1cxx_user_literals
    Feature record: CXX_FEATURE:1cxx_variable_templates
    Feature record: CXX_FEATURE:1cxx_variadic_macros
    Feature record: CXX_FEATURE:1cxx_variadic_templates


Detecting CXX [-std=c++11] compiler features compiled with the following output:
Change Dir: /run/media/arne/data/Studium/Semester 4/CG/Task4/build/CMakeFiles/CMakeTmp

Run Build Command:"/usr/bin/make" "cmTC_52796/fast"
/usr/bin/make -f CMakeFiles/cmTC_52796.dir/build.make CMakeFiles/cmTC_52796.dir/build
make[1]: Entering directory '/run/media/arne/data/Studium/Semester 4/CG/Task4/build/CMakeFiles/CMakeTmp'
Building CXX object CMakeFiles/cmTC_52796.dir/feature_tests.cxx.o
/usr/bin/c++     -std=c++11 -o CMakeFiles/cmTC_52796.dir/feature_tests.cxx.o -c "/run/media/arne/data/Studium/Semester 4/CG/Task4/build/CMakeFiles/feature_tests.cxx"
Linking CXX executable cmTC_52796
/usr/bin/cmake -E cmake_link_script CMakeFiles/cmTC_52796.dir/link.txt --verbose=1
/usr/bin/c++        CMakeFiles/cmTC_52796.dir/feature_tests.cxx.o  -o cmTC_52796 -rdynamic 
make[1]: Leaving directory '/run/media/arne/data/Studium/Semester 4/CG/Task4/build/CMakeFiles/CMakeTmp'


    Feature record: CXX_FEATURE:0cxx_aggregate_default_initializers
    Feature record: CXX_FEATURE:1cxx_alias_templates
    Feature record: CXX_FEATURE:1cxx_alignas
    Feature record: CXX_FEATURE:1cxx_alignof
    Feature record: CXX_FEATURE:1cxx_attributes
    Feature record: CXX_FEATURE:0cxx_attribute_deprecated
    Feature record: CXX_FEATURE:1cxx_auto_type
    Feature record: CXX_FEATURE:0cxx_binary_literals
    Feature record: CXX_FEATURE:1cxx_constexpr
    Feature record: CXX_FEATURE:0cxx_contextual_conversions
    Feature record: CXX_FEATURE:1cxx_decltype
    Feature record: CXX_FEATURE:0cxx_decltype_auto
    Feature record: CXX_FEATURE:1cxx_decltype_incomplete_return_types
    Feature record: CXX_FEATURE:1cxx_default_function_template_args
    Feature record: CXX_FEATURE:1cxx_defaulted_functions
    Feature record: CXX_FEATURE:1cxx_defaulted_move_initializers
    Feature record: CXX_FEATURE:1cxx_delegating_constructors
    Feature record: CXX_FEATURE:1cxx_deleted_functions
    Feature record: CXX_FEATURE:0cxx_digit_separators
    Feature record: CXX_FEATURE:1cxx_enum_forward_declarations
    Feature record: CXX_FEATURE:1cxx_explicit_conversions
    Feature record: CXX_FEATURE:1cxx_extended_friend_declarations
    Feature record: CXX_FEATURE:1cxx_extern_templates
    Feature record: CXX_FEATURE:1cxx_final
    Feature record: CXX_FEATURE:1cxx_func_identifier
    Feature record: CXX_FEATURE:1cxx_generalized_initializers
    Feature record: CXX_FEATURE:0cxx_generic_lambdas
    Feature record: CXX_FEATURE:1cxx_inheriting_constructors
    Feature record: CXX_FEATURE:1cxx_inline_namespaces
    Feature record: CXX_FEATURE:1cxx_lambdas
    Feature record: CXX_FEATURE:0cxx_lambda_init_captures
    Feature record: CXX_FEATURE:1cxx_local_type_template_args
    Feature record: CXX_FEATURE:1cxx_long_long_type
    Feature record: CXX_FEATURE:1cxx_noexcept
    Feature record: CXX_FEATURE:1cxx_nonstatic_member_init
    Feature record: CXX_FEATURE:1cxx_nullptr
    Feature record: CXX_FEATURE:1cxx_override
    Feature record: CXX_FEATURE:1cxx_range_for
    Feature record: CXX_FEATURE:1cxx_raw_string_literals
    Feature record: CXX_FEATURE:1cxx_reference_qualified_functions
    Feature record: CXX_FEATURE:0cxx_relaxed_constexpr
    Feature record: CXX_FEATURE:0cxx_return_type_deduction
    Feature record: CXX_FEATURE:1cxx_right_angle_brackets
    Feature record: CXX_FEATURE:1cxx_rvalue_references
    Feature record: CXX_FEATURE:1cxx_sizeof_member
    Feature record: CXX_FEATURE:1cxx_static_assert
    Feature record: CXX_FEATURE:1cxx_strong_enums
    Feature record: CXX_FEATURE:1cxx_template_template_parameters
    Feature record: CXX_FEATURE:1cxx_thread_local
    Feature record: CXX_FEATURE:1cxx_trailing_return_types
    Feature record: CXX_FEATURE:1cxx_unicode_literals
    Feature record: CXX_FEATURE:1cxx_uniform_initialization
    Feature record: CXX_FEATURE:1cxx_unrestricted_unions
    Feature record: CXX_FEATURE:1cxx_user_literals
    Feature record: CXX_FEATURE:0cxx_variable_templates
    Feature record: CXX_FEATURE:1cxx_variadic_macros
    Feature record: CXX_FEATURE:1cxx_variadic_templates


Detecting CXX [-std=c++98] compiler features compiled with the following output:
Change Dir: /run/media/arne/data/Studium/Semester 4/CG/Task4/build/CMakeFiles/CMakeTmp

Run Build Command:"/usr/bin/make" "cmTC_4ab3f/fast"
/usr/bin/make -f CMakeFiles/cmTC_4ab3f.dir/build.make CMakeFiles/cmTC_4ab3f.dir/build
make[1]: Entering directory '/run/media/arne/data/Studium/Semester 4/CG/Task4/build/CMakeFiles/CMakeTmp'
Building CXX object CMakeFiles/cmTC_4ab3f.dir/feature_tests.cxx.o
/usr/bin/c++     -std=c++98 -o CMakeFiles/cmTC_4ab3f.dir/feature_tests.cxx.o -c "/run/media/arne/data/Studium/Semester 4/CG/Task4/build/CMakeFiles/feature_tests.cxx"
Linking CXX executable cmTC_4ab3f
/usr/bin/cmake -E cmake_link_script CMakeFiles/cmTC_4ab3f.dir/link.txt --verbose=1
/usr/bin/c++        CMakeFiles/cmTC_4ab3f.dir/feature_tests.cxx.o  -o cmTC_4ab3f -rdynamic 
make[1]: Leaving directory '/run/media/arne/data/Studium/Semester 4/CG/Task4/build/CMakeFiles/CMakeTmp'


    Feature record: CXX_FEATURE:0cxx_aggregate_default_initializers
    Feature record: CXX_FEATURE:0cxx_alias_templates
    Feature record: CXX_FEATURE:0cxx_alignas
    Feature record: CXX_FEATURE:0cxx_alignof
    Feature record: CXX_FEATURE:0cxx_attributes
    Feature record: CXX_FEATURE:0cxx_attribute_deprecated
    Feature record: CXX_FEATURE:0cxx_auto_type
    Feature record: CXX_FEATURE:0cxx_binary_literals
    Feature record: CXX_FEATURE:0cxx_constexpr
    Feature record: CXX_FEATURE:0cxx_contextual_conversions
    Feature record: CXX_FEATURE:0cxx_decltype
    Feature record: CXX_FEATURE:0cxx_decltype_auto
    Feature record: CXX_FEATURE:0cxx_decltype_incomplete_return_types
    Feature record: CXX_FEATURE:0cxx_default_function_template_args
    Feature record: CXX_FEATURE:0cxx_defaulted_functions
    Feature record: CXX_FEATURE:0cxx_defaulted_move_initializers
    Feature record: CXX_FEATURE:0cxx_delegating_constructors
    Feature record: CXX_FEATURE:0cxx_deleted_functions
    Feature record: CXX_FEATURE:0cxx_digit_separators
    Feature record: CXX_FEATURE:0cxx_enum_forward_declarations
    Feature record: CXX_FEATURE:0cxx_explicit_conversions
    Feature record: CXX_FEATURE:0cxx_extended_friend_declarations
    Feature record: CXX_FEATURE:0cxx_extern_templates
    Feature record: CXX_FEATURE:0cxx_final
    Feature record: CXX_FEATURE:0cxx_func_identifier
    Feature record: CXX_FEATURE:0cxx_generalized_initializers
    Feature record: CXX_FEATURE:0cxx_generic_lambdas
    Feature record: CXX_FEATURE:0cxx_inheriting_constructors
    Feature record: CXX_FEATURE:0cxx_inline_namespaces
    Feature record: CXX_FEATURE:0cxx_lambdas
    Feature record: CXX_FEATURE:0cxx_lambda_init_captures
    Feature record: CXX_FEATURE:0cxx_local_type_template_args
    Feature record: CXX_FEATURE:0cxx_long_long_type
    Feature record: CXX_FEATURE:0cxx_noexcept
    Feature record: CXX_FEATURE:0cxx_nonstatic_member_init
    Feature record: CXX_FEATURE:0cxx_nullptr
    Feature record: CXX_FEATURE:0cxx_override
    Feature record: CXX_FEATURE:0cxx_range_for
    Feature record: CXX_FEATURE:0cxx_raw_string_literals
    Feature record: CXX_FEATURE:0cxx_reference_qualified_functions
    Feature record: CXX_FEATURE:0cxx_relaxed_constexpr
    Feature record: CXX_FEATURE:0cxx_return_type_deduction
    Feature record: CXX_FEATURE:0cxx_right_angle_brackets
    Feature record: CXX_FEATURE:0cxx_rvalue_references
    Feature record: CXX_FEATURE:0cxx_sizeof_member
    Feature record: CXX_FEATURE:0cxx_static_assert
    Feature record: CXX_FEATURE:0cxx_strong_enums
    Feature record: CXX_FEATURE:1cxx_template_template_parameters
    Feature record: CXX_FEATURE:0cxx_thread_local
    Feature record: CXX_FEATURE:0cxx_trailing_return_types
    Feature record: CXX_FEATURE:0cxx_unicode_literals
    Feature record: CXX_FEATURE:0cxx_uniform_initialization
    Feature record: CXX_FEATURE:0cxx_unrestricted_unions
    Feature record: CXX_FEATURE:0cxx_user_literals
    Feature record: CXX_FEATURE:0cxx_variable_templates
    Feature record: CXX_FEATURE:0cxx_variadic_macros
    Feature record: CXX_FEATURE:0cxx_variadic_templates
Determining if the include file pthread.h exists passed with the following output:
Change Dir: /run/media/arne/data/Studium/Semester 4/CG/Task4/build/CMakeFiles/CMakeTmp

Run Build Command:"/usr/bin/make" "cmTC_01f80/fast"
/usr/bin/make -f CMakeFiles/cmTC_01f80.dir/build.make CMakeFiles/cmTC_01f80.dir/build
make[1]: Entering directory '/run/media/arne/data/Studium/Semester 4/CG/Task4/build/CMakeFiles/CMakeTmp'
Building C object CMakeFiles/cmTC_01f80.dir/CheckIncludeFile.c.o
/usr/bin/cc     -o CMakeFiles/cmTC_01f80.dir/CheckIncludeFile.c.o   -c "/run/media/arne/data/Studium/Semester 4/CG/Task4/build/CMakeFiles/CMakeTmp/CheckIncludeFile.c"
Linking C executable cmTC_01f80
/usr/bin/cmake -E cmake_link_script CMakeFiles/cmTC_01f80.dir/link.txt --verbose=1
/usr/bin/cc       CMakeFiles/cmTC_01f80.dir/CheckIncludeFile.c.o  -o cmTC_01f80 -rdynamic 
make[1]: Leaving directory '/run/media/arne/data/Studium/Semester 4/CG/Task4/build/CMakeFiles/CMakeTmp'


Determining if the function pthread_create exists in the pthread passed with the following output:
Change Dir: /run/media/arne/data/Studium/Semester 4/CG/Task4/build/CMakeFiles/CMakeTmp

Run Build Command:"/usr/bin/make" "cmTC_75aa3/fast"
/usr/bin/make -f CMakeFiles/cmTC_75aa3.dir/build.make CMakeFiles/cmTC_75aa3.dir/build
make[1]: Entering directory '/run/media/arne/data/Studium/Semester 4/CG/Task4/build/CMakeFiles/CMakeTmp'
Building C object CMakeFiles/cmTC_75aa3.dir/CheckFunctionExists.c.o
/usr/bin/cc    -DCHECK_FUNCTION_EXISTS=pthread_create   -o CMakeFiles/cmTC_75aa3.dir/CheckFunctionExists.c.o   -c /usr/share/cmake-3.5/Modules/CheckFunctionExists.c
Linking C executable cmTC_75aa3
/usr/bin/cmake -E cmake_link_script CMakeFiles/cmTC_75aa3.dir/link.txt --verbose=1
/usr/bin/cc   -DCHECK_FUNCTION_EXISTS=pthread_create    CMakeFiles/cmTC_75aa3.dir/CheckFunctionExists.c.o  -o cmTC_75aa3 -rdynamic -lpthread 
make[1]: Leaving directory '/run/media/arne/data/Studium/Semester 4/CG/Task4/build/CMakeFiles/CMakeTmp'


Determining if the function XOpenDisplay exists in the /usr/lib64/libX11.so;/usr/lib64/libXext.so passed with the following output:
Change Dir: /run/media/arne/data/Studium/Semester 4/CG/Task4/build/CMakeFiles/CMakeTmp

Run Build Command:"/usr/bin/make" "cmTC_40a02/fast"
/usr/bin/make -f CMakeFiles/cmTC_40a02.dir/build.make CMakeFiles/cmTC_40a02.dir/build
make[1]: Entering directory '/run/media/arne/data/Studium/Semester 4/CG/Task4/build/CMakeFiles/CMakeTmp'
Building C object CMakeFiles/cmTC_40a02.dir/CheckFunctionExists.c.o
/usr/bin/cc    -DCHECK_FUNCTION_EXISTS=XOpenDisplay   -o CMakeFiles/cmTC_40a02.dir/CheckFunctionExists.c.o   -c /usr/share/cmake-3.5/Modules/CheckFunctionExists.c
Linking C executable cmTC_40a02
/usr/bin/cmake -E cmake_link_script CMakeFiles/cmTC_40a02.dir/link.txt --verbose=1
/usr/bin/cc   -DCHECK_FUNCTION_EXISTS=XOpenDisplay    CMakeFiles/cmTC_40a02.dir/CheckFunctionExists.c.o  -o cmTC_40a02 -rdynamic /usr/lib64/libX11.so /usr/lib64/libXext.so 
make[1]: Leaving directory '/run/media/arne/data/Studium/Semester 4/CG/Task4/build/CMakeFiles/CMakeTmp'


Determining if the function gethostbyname exists passed with the following output:
Change Dir: /run/media/arne/data/Studium/Semester 4/CG/Task4/build/CMakeFiles/CMakeTmp

Run Build Command:"/usr/bin/make" "cmTC_94b2f/fast"
/usr/bin/make -f CMakeFiles/cmTC_94b2f.dir/build.make CMakeFiles/cmTC_94b2f.dir/build
make[1]: Entering directory '/run/media/arne/data/Studium/Semester 4/CG/Task4/build/CMakeFiles/CMakeTmp'
Building C object CMakeFiles/cmTC_94b2f.dir/CheckFunctionExists.c.o
/usr/bin/cc    -DCHECK_FUNCTION_EXISTS=gethostbyname   -o CMakeFiles/cmTC_94b2f.dir/CheckFunctionExists.c.o   -c /usr/share/cmake-3.5/Modules/CheckFunctionExists.c
Linking C executable cmTC_94b2f
/usr/bin/cmake -E cmake_link_script CMakeFiles/cmTC_94b2f.dir/link.txt --verbose=1
/usr/bin/cc   -DCHECK_FUNCTION_EXISTS=gethostbyname    CMakeFiles/cmTC_94b2f.dir/CheckFunctionExists.c.o  -o cmTC_94b2f -rdynamic 
make[1]: Leaving directory '/run/media/arne/data/Studium/Semester 4/CG/Task4/build/CMakeFiles/CMakeTmp'


Determining if the function connect exists passed with the following output:
Change Dir: /run/media/arne/data/Studium/Semester 4/CG/Task4/build/CMakeFiles/CMakeTmp

Run Build Command:"/usr/bin/make" "cmTC_81812/fast"
/usr/bin/make -f CMakeFiles/cmTC_81812.dir/build.make CMakeFiles/cmTC_81812.dir/build
make[1]: Entering directory '/run/media/arne/data/Studium/Semester 4/CG/Task4/build/CMakeFiles/CMakeTmp'
Building C object CMakeFiles/cmTC_81812.dir/CheckFunctionExists.c.o
/usr/bin/cc    -DCHECK_FUNCTION_EXISTS=connect   -o CMakeFiles/cmTC_81812.dir/CheckFunctionExists.c.o   -c /usr/share/cmake-3.5/Modules/CheckFunctionExists.c
Linking C executable cmTC_81812
/usr/bin/cmake -E cmake_link_script CMakeFiles/cmTC_81812.dir/link.txt --verbose=1
/usr/bin/cc   -DCHECK_FUNCTION_EXISTS=connect    CMakeFiles/cmTC_81812.dir/CheckFunctionExists.c.o  -o cmTC_81812 -rdynamic 
make[1]: Leaving directory '/run/media/arne/data/Studium/Semester 4/CG/Task4/build/CMakeFiles/CMakeTmp'


Determining if the function remove exists passed with the following output:
Change Dir: /run/media/arne/data/Studium/Semester 4/CG/Task4/build/CMakeFiles/CMakeTmp

Run Build Command:"/usr/bin/make" "cmTC_f21d9/fast"
/usr/bin/make -f CMakeFiles/cmTC_f21d9.dir/build.make CMakeFiles/cmTC_f21d9.dir/build
make[1]: Entering directory '/run/media/arne/data/Studium/Semester 4/CG/Task4/build/CMakeFiles/CMakeTmp'
Building C object CMakeFiles/cmTC_f21d9.dir/CheckFunctionExists.c.o
/usr/bin/cc    -DCHECK_FUNCTION_EXISTS=remove   -o CMakeFiles/cmTC_f21d9.dir/CheckFunctionExists.c.o   -c /usr/share/cmake-3.5/Modules/CheckFunctionExists.c
Linking C executable cmTC_f21d9
/usr/bin/cmake -E cmake_link_script CMakeFiles/cmTC_f21d9.dir/link.txt --verbose=1
/usr/bin/cc   -DCHECK_FUNCTION_EXISTS=remove    CMakeFiles/cmTC_f21d9.dir/CheckFunctionExists.c.o  -o cmTC_f21d9 -rdynamic 
make[1]: Leaving directory '/run/media/arne/data/Studium/Semester 4/CG/Task4/build/CMakeFiles/CMakeTmp'


Determining if the function shmat exists passed with the following output:
Change Dir: /run/media/arne/data/Studium/Semester 4/CG/Task4/build/CMakeFiles/CMakeTmp

Run Build Command:"/usr/bin/make" "cmTC_744eb/fast"
/usr/bin/make -f CMakeFiles/cmTC_744eb.dir/build.make CMakeFiles/cmTC_744eb.dir/build
make[1]: Entering directory '/run/media/arne/data/Studium/Semester 4/CG/Task4/build/CMakeFiles/CMakeTmp'
Building C object CMakeFiles/cmTC_744eb.dir/CheckFunctionExists.c.o
/usr/bin/cc    -DCHECK_FUNCTION_EXISTS=shmat   -o CMakeFiles/cmTC_744eb.dir/CheckFunctionExists.c.o   -c /usr/share/cmake-3.5/Modules/CheckFunctionExists.c
Linking C executable cmTC_744eb
/usr/bin/cmake -E cmake_link_script CMakeFiles/cmTC_744eb.dir/link.txt --verbose=1
/usr/bin/cc   -DCHECK_FUNCTION_EXISTS=shmat    CMakeFiles/cmTC_744eb.dir/CheckFunctionExists.c.o  -o cmTC_744eb -rdynamic 
make[1]: Leaving directory '/run/media/arne/data/Studium/Semester 4/CG/Task4/build/CMakeFiles/CMakeTmp'


Determining if the function IceConnectionNumber exists in the ICE passed with the following output:
Change Dir: /run/media/arne/data/Studium/Semester 4/CG/Task4/build/CMakeFiles/CMakeTmp

Run Build Command:"/usr/bin/make" "cmTC_4057c/fast"
/usr/bin/make -f CMakeFiles/cmTC_4057c.dir/build.make CMakeFiles/cmTC_4057c.dir/build
make[1]: Entering directory '/run/media/arne/data/Studium/Semester 4/CG/Task4/build/CMakeFiles/CMakeTmp'
Building C object CMakeFiles/cmTC_4057c.dir/CheckFunctionExists.c.o
/usr/bin/cc    -DCHECK_FUNCTION_EXISTS=IceConnectionNumber   -o CMakeFiles/cmTC_4057c.dir/CheckFunctionExists.c.o   -c /usr/share/cmake-3.5/Modules/CheckFunctionExists.c
Linking C executable cmTC_4057c
/usr/bin/cmake -E cmake_link_script CMakeFiles/cmTC_4057c.dir/link.txt --verbose=1
/usr/bin/cc   -DCHECK_FUNCTION_EXISTS=IceConnectionNumber    CMakeFiles/cmTC_4057c.dir/CheckFunctionExists.c.o  -o cmTC_4057c -rdynamic -lICE 
make[1]: Leaving directory '/run/media/arne/data/Studium/Semester 4/CG/Task4/build/CMakeFiles/CMakeTmp'


Determining if the function glXGetProcAddress exists passed with the following output:
Change Dir: /run/media/arne/data/Studium/Semester 4/CG/Task4/build/CMakeFiles/CMakeTmp

Run Build Command:"/usr/bin/make" "cmTC_bacca/fast"
/usr/bin/make -f CMakeFiles/cmTC_bacca.dir/build.make CMakeFiles/cmTC_bacca.dir/build
make[1]: Entering directory '/run/media/arne/data/Studium/Semester 4/CG/Task4/build/CMakeFiles/CMakeTmp'
Building C object CMakeFiles/cmTC_bacca.dir/CheckFunctionExists.c.o
/usr/bin/cc    -DCHECK_FUNCTION_EXISTS=glXGetProcAddress   -o CMakeFiles/cmTC_bacca.dir/CheckFunctionExists.c.o   -c /usr/share/cmake-3.5/Modules/CheckFunctionExists.c
Linking C executable cmTC_bacca
/usr/bin/cmake -E cmake_link_script CMakeFiles/cmTC_bacca.dir/link.txt --verbose=1
/usr/bin/cc   -DCHECK_FUNCTION_EXISTS=glXGetProcAddress    CMakeFiles/cmTC_bacca.dir/CheckFunctionExists.c.o  -o cmTC_bacca -rdynamic /usr/lib64/libGL.so 
make[1]: Leaving directory '/run/media/arne/data/Studium/Semester 4/CG/Task4/build/CMakeFiles/CMakeTmp'


Determining if the function glXGetProcAddressARB exists passed with the following output:
Change Dir: /run/media/arne/data/Studium/Semester 4/CG/Task4/build/CMakeFiles/CMakeTmp

Run Build Command:"/usr/bin/make" "cmTC_2491f/fast"
/usr/bin/make -f CMakeFiles/cmTC_2491f.dir/build.make CMakeFiles/cmTC_2491f.dir/build
make[1]: Entering directory '/run/media/arne/data/Studium/Semester 4/CG/Task4/build/CMakeFiles/CMakeTmp'
Building C object CMakeFiles/cmTC_2491f.dir/CheckFunctionExists.c.o
/usr/bin/cc    -DCHECK_FUNCTION_EXISTS=glXGetProcAddressARB   -o CMakeFiles/cmTC_2491f.dir/CheckFunctionExists.c.o   -c /usr/share/cmake-3.5/Modules/CheckFunctionExists.c
Linking C executable cmTC_2491f
/usr/bin/cmake -E cmake_link_script CMakeFiles/cmTC_2491f.dir/link.txt --verbose=1
/usr/bin/cc   -DCHECK_FUNCTION_EXISTS=glXGetProcAddressARB    CMakeFiles/cmTC_2491f.dir/CheckFunctionExists.c.o  -o cmTC_2491f -rdynamic /usr/lib64/libGL.so 
make[1]: Leaving directory '/run/media/arne/data/Studium/Semester 4/CG/Task4/build/CMakeFiles/CMakeTmp'


Performing C SOURCE FILE Test OpenMP_FLAG_DETECTED succeeded with the following output:
Change Dir: /run/media/arne/data/Studium/Semester 4/CG/Task4/build/CMakeFiles/CMakeTmp

Run Build Command:"/usr/bin/make" "cmTC_82121/fast"
/usr/bin/make -f CMakeFiles/cmTC_82121.dir/build.make CMakeFiles/cmTC_82121.dir/build
make[1]: Entering directory '/run/media/arne/data/Studium/Semester 4/CG/Task4/build/CMakeFiles/CMakeTmp'
Building C object CMakeFiles/cmTC_82121.dir/src.c.o
/usr/bin/cc    -DOpenMP_FLAG_DETECTED -fopenmp   -o CMakeFiles/cmTC_82121.dir/src.c.o   -c "/run/media/arne/data/Studium/Semester 4/CG/Task4/build/CMakeFiles/CMakeTmp/src.c"
Linking C executable cmTC_82121
/usr/bin/cmake -E cmake_link_script CMakeFiles/cmTC_82121.dir/link.txt --verbose=1
/usr/bin/cc   -DOpenMP_FLAG_DETECTED -fopenmp    CMakeFiles/cmTC_82121.dir/src.c.o  -o cmTC_82121 -rdynamic 
make[1]: Leaving directory '/run/media/arne/data/Studium/Semester 4/CG/Task4/build/CMakeFiles/CMakeTmp'

Source file was:

#include <omp.h>
int main() {
#ifdef _OPENMP
  return 0;
#else
  breaks_on_purpose
#endif
}

Performing C++ SOURCE FILE Test OpenMP_FLAG_DETECTED succeeded with the following output:
Change Dir: /run/media/arne/data/Studium/Semester 4/CG/Task4/build/CMakeFiles/CMakeTmp

Run Build Command:"/usr/bin/make" "cmTC_1cff7/fast"
/usr/bin/make -f CMakeFiles/cmTC_1cff7.dir/build.make CMakeFiles/cmTC_1cff7.dir/build
make[1]: Entering directory '/run/media/arne/data/Studium/Semester 4/CG/Task4/build/CMakeFiles/CMakeTmp'
Building CXX object CMakeFiles/cmTC_1cff7.dir/src.cxx.o
/usr/bin/c++     -DOpenMP_FLAG_DETECTED -fopenmp   -o CMakeFiles/cmTC_1cff7.dir/src.cxx.o -c "/run/media/arne/data/Studium/Semester 4/CG/Task4/build/CMakeFiles/CMakeTmp/src.cxx"
Linking CXX executable cmTC_1cff7
/usr/bin/cmake -E cmake_link_script CMakeFiles/cmTC_1cff7.dir/link.txt --verbose=1
/usr/bin/c++    -DOpenMP_FLAG_DETECTED -fopenmp    CMakeFiles/cmTC_1cff7.dir/src.cxx.o  -o cmTC_1cff7 -rdynamic 
make[1]: Leaving directory '/run/media/arne/data/Studium/Semester 4/CG/Task4/build/CMakeFiles/CMakeTmp'

Source file was:

#include <omp.h>
int main() {
#ifdef _OPENMP
  return 0;
#else
  breaks_on_purpose
#endif
}

