Determining if the pthread_create exist failed with the following output:
Change Dir: /run/media/arne/data/Studium/Semester 4/CG/Task4/build/CMakeFiles/CMakeTmp

Run Build Command:"/usr/bin/make" "cmTC_e7542/fast"
/usr/bin/make -f CMakeFiles/cmTC_e7542.dir/build.make CMakeFiles/cmTC_e7542.dir/build
make[1]: Entering directory '/run/media/arne/data/Studium/Semester 4/CG/Task4/build/CMakeFiles/CMakeTmp'
Building C object CMakeFiles/cmTC_e7542.dir/CheckSymbolExists.c.o
/usr/bin/cc     -o CMakeFiles/cmTC_e7542.dir/CheckSymbolExists.c.o   -c "/run/media/arne/data/Studium/Semester 4/CG/Task4/build/CMakeFiles/CMakeTmp/CheckSymbolExists.c"
Linking C executable cmTC_e7542
/usr/bin/cmake -E cmake_link_script CMakeFiles/cmTC_e7542.dir/link.txt --verbose=1
/usr/bin/cc       CMakeFiles/cmTC_e7542.dir/CheckSymbolExists.c.o  -o cmTC_e7542 -rdynamic 
CMakeFiles/cmTC_e7542.dir/CheckSymbolExists.c.o: In function `main':
CheckSymbolExists.c:(.text+0x16): undefined reference to `pthread_create'
collect2: error: ld returned 1 exit status
CMakeFiles/cmTC_e7542.dir/build.make:97: recipe for target 'cmTC_e7542' failed
make[1]: *** [cmTC_e7542] Error 1
make[1]: Leaving directory '/run/media/arne/data/Studium/Semester 4/CG/Task4/build/CMakeFiles/CMakeTmp'
Makefile:126: recipe for target 'cmTC_e7542/fast' failed
make: *** [cmTC_e7542/fast] Error 2

File /run/media/arne/data/Studium/Semester 4/CG/Task4/build/CMakeFiles/CMakeTmp/CheckSymbolExists.c:
/* */
#include <pthread.h>

int main(int argc, char** argv)
{
  (void)argv;
#ifndef pthread_create
  return ((int*)(&pthread_create))[argc];
#else
  (void)argc;
  return 0;
#endif
}

Determining if the function pthread_create exists in the pthreads failed with the following output:
Change Dir: /run/media/arne/data/Studium/Semester 4/CG/Task4/build/CMakeFiles/CMakeTmp

Run Build Command:"/usr/bin/make" "cmTC_09285/fast"
/usr/bin/make -f CMakeFiles/cmTC_09285.dir/build.make CMakeFiles/cmTC_09285.dir/build
make[1]: Entering directory '/run/media/arne/data/Studium/Semester 4/CG/Task4/build/CMakeFiles/CMakeTmp'
Building C object CMakeFiles/cmTC_09285.dir/CheckFunctionExists.c.o
/usr/bin/cc    -DCHECK_FUNCTION_EXISTS=pthread_create   -o CMakeFiles/cmTC_09285.dir/CheckFunctionExists.c.o   -c /usr/share/cmake-3.5/Modules/CheckFunctionExists.c
Linking C executable cmTC_09285
/usr/bin/cmake -E cmake_link_script CMakeFiles/cmTC_09285.dir/link.txt --verbose=1
/usr/bin/cc   -DCHECK_FUNCTION_EXISTS=pthread_create    CMakeFiles/cmTC_09285.dir/CheckFunctionExists.c.o  -o cmTC_09285 -rdynamic -lpthreads 
/usr/bin/ld: cannot find -lpthreads
collect2: error: ld returned 1 exit status
CMakeFiles/cmTC_09285.dir/build.make:97: recipe for target 'cmTC_09285' failed
make[1]: *** [cmTC_09285] Error 1
make[1]: Leaving directory '/run/media/arne/data/Studium/Semester 4/CG/Task4/build/CMakeFiles/CMakeTmp'
Makefile:126: recipe for target 'cmTC_09285/fast' failed
make: *** [cmTC_09285/fast] Error 2


Determining if the function glXGetProcAddressEXT exists failed with the following output:
Change Dir: /run/media/arne/data/Studium/Semester 4/CG/Task4/build/CMakeFiles/CMakeTmp

Run Build Command:"/usr/bin/make" "cmTC_a2020/fast"
/usr/bin/make -f CMakeFiles/cmTC_a2020.dir/build.make CMakeFiles/cmTC_a2020.dir/build
make[1]: Entering directory '/run/media/arne/data/Studium/Semester 4/CG/Task4/build/CMakeFiles/CMakeTmp'
Building C object CMakeFiles/cmTC_a2020.dir/CheckFunctionExists.c.o
/usr/bin/cc    -DCHECK_FUNCTION_EXISTS=glXGetProcAddressEXT   -o CMakeFiles/cmTC_a2020.dir/CheckFunctionExists.c.o   -c /usr/share/cmake-3.5/Modules/CheckFunctionExists.c
Linking C executable cmTC_a2020
/usr/bin/cmake -E cmake_link_script CMakeFiles/cmTC_a2020.dir/link.txt --verbose=1
/usr/bin/cc   -DCHECK_FUNCTION_EXISTS=glXGetProcAddressEXT    CMakeFiles/cmTC_a2020.dir/CheckFunctionExists.c.o  -o cmTC_a2020 -rdynamic /usr/lib64/libGL.so 
CMakeFiles/cmTC_a2020.dir/CheckFunctionExists.c.o: In function `main':
CheckFunctionExists.c:(.text+0x15): undefined reference to `glXGetProcAddressEXT'
collect2: error: ld returned 1 exit status
CMakeFiles/cmTC_a2020.dir/build.make:98: recipe for target 'cmTC_a2020' failed
make[1]: *** [cmTC_a2020] Error 1
make[1]: Leaving directory '/run/media/arne/data/Studium/Semester 4/CG/Task4/build/CMakeFiles/CMakeTmp'
Makefile:126: recipe for target 'cmTC_a2020/fast' failed
make: *** [cmTC_a2020/fast] Error 2


