Determining if the pthread_create exist failed with the following output:
Change Dir: /home/arne/Documents/Studium/Semester 4/CG/Task2/build/CMakeFiles/CMakeTmp

Run Build Command:"/usr/bin/make" "cmTC_a04a6/fast"
/usr/bin/make -f CMakeFiles/cmTC_a04a6.dir/build.make CMakeFiles/cmTC_a04a6.dir/build
make[1]: Entering directory '/home/arne/Documents/Studium/Semester 4/CG/Task2/build/CMakeFiles/CMakeTmp'
Building C object CMakeFiles/cmTC_a04a6.dir/CheckSymbolExists.c.o
/usr/bin/cc     -o CMakeFiles/cmTC_a04a6.dir/CheckSymbolExists.c.o   -c "/home/arne/Documents/Studium/Semester 4/CG/Task2/build/CMakeFiles/CMakeTmp/CheckSymbolExists.c"
Linking C executable cmTC_a04a6
/usr/bin/cmake -E cmake_link_script CMakeFiles/cmTC_a04a6.dir/link.txt --verbose=1
/usr/bin/cc       CMakeFiles/cmTC_a04a6.dir/CheckSymbolExists.c.o  -o cmTC_a04a6 -rdynamic 
CMakeFiles/cmTC_a04a6.dir/CheckSymbolExists.c.o: In function `main':
CheckSymbolExists.c:(.text+0x16): undefined reference to `pthread_create'
collect2: error: ld returned 1 exit status
CMakeFiles/cmTC_a04a6.dir/build.make:97: recipe for target 'cmTC_a04a6' failed
make[1]: *** [cmTC_a04a6] Error 1
make[1]: Leaving directory '/home/arne/Documents/Studium/Semester 4/CG/Task2/build/CMakeFiles/CMakeTmp'
Makefile:126: recipe for target 'cmTC_a04a6/fast' failed
make: *** [cmTC_a04a6/fast] Error 2

File /home/arne/Documents/Studium/Semester 4/CG/Task2/build/CMakeFiles/CMakeTmp/CheckSymbolExists.c:
/* */
#include <pthread.h>

int main(int argc, char** argv)
{
  (void)argv;
#ifndef pthread_create
  return ((int*)(&pthread_create))[argc];
#else
  (void)argc;
  return 0;
#endif
}

Determining if the function pthread_create exists in the pthreads failed with the following output:
Change Dir: /home/arne/Documents/Studium/Semester 4/CG/Task2/build/CMakeFiles/CMakeTmp

Run Build Command:"/usr/bin/make" "cmTC_2e1a8/fast"
/usr/bin/make -f CMakeFiles/cmTC_2e1a8.dir/build.make CMakeFiles/cmTC_2e1a8.dir/build
make[1]: Entering directory '/home/arne/Documents/Studium/Semester 4/CG/Task2/build/CMakeFiles/CMakeTmp'
Building C object CMakeFiles/cmTC_2e1a8.dir/CheckFunctionExists.c.o
/usr/bin/cc    -DCHECK_FUNCTION_EXISTS=pthread_create   -o CMakeFiles/cmTC_2e1a8.dir/CheckFunctionExists.c.o   -c /usr/share/cmake-3.5/Modules/CheckFunctionExists.c
Linking C executable cmTC_2e1a8
/usr/bin/cmake -E cmake_link_script CMakeFiles/cmTC_2e1a8.dir/link.txt --verbose=1
/usr/bin/cc   -DCHECK_FUNCTION_EXISTS=pthread_create    CMakeFiles/cmTC_2e1a8.dir/CheckFunctionExists.c.o  -o cmTC_2e1a8 -rdynamic -lpthreads 
/usr/bin/ld: cannot find -lpthreads
collect2: error: ld returned 1 exit status
CMakeFiles/cmTC_2e1a8.dir/build.make:97: recipe for target 'cmTC_2e1a8' failed
make[1]: *** [cmTC_2e1a8] Error 1
make[1]: Leaving directory '/home/arne/Documents/Studium/Semester 4/CG/Task2/build/CMakeFiles/CMakeTmp'
Makefile:126: recipe for target 'cmTC_2e1a8/fast' failed
make: *** [cmTC_2e1a8/fast] Error 2


Determining if the function glXGetProcAddressEXT exists failed with the following output:
Change Dir: /home/arne/Documents/Studium/Semester 4/CG/Task2/build/CMakeFiles/CMakeTmp

Run Build Command:"/usr/bin/make" "cmTC_53ebb/fast"
/usr/bin/make -f CMakeFiles/cmTC_53ebb.dir/build.make CMakeFiles/cmTC_53ebb.dir/build
make[1]: Entering directory '/home/arne/Documents/Studium/Semester 4/CG/Task2/build/CMakeFiles/CMakeTmp'
Building C object CMakeFiles/cmTC_53ebb.dir/CheckFunctionExists.c.o
/usr/bin/cc    -DCHECK_FUNCTION_EXISTS=glXGetProcAddressEXT   -o CMakeFiles/cmTC_53ebb.dir/CheckFunctionExists.c.o   -c /usr/share/cmake-3.5/Modules/CheckFunctionExists.c
Linking C executable cmTC_53ebb
/usr/bin/cmake -E cmake_link_script CMakeFiles/cmTC_53ebb.dir/link.txt --verbose=1
/usr/bin/cc   -DCHECK_FUNCTION_EXISTS=glXGetProcAddressEXT    CMakeFiles/cmTC_53ebb.dir/CheckFunctionExists.c.o  -o cmTC_53ebb -rdynamic /usr/lib64/libGL.so 
CMakeFiles/cmTC_53ebb.dir/CheckFunctionExists.c.o: In function `main':
CheckFunctionExists.c:(.text+0x15): undefined reference to `glXGetProcAddressEXT'
collect2: error: ld returned 1 exit status
CMakeFiles/cmTC_53ebb.dir/build.make:98: recipe for target 'cmTC_53ebb' failed
make[1]: *** [cmTC_53ebb] Error 1
make[1]: Leaving directory '/home/arne/Documents/Studium/Semester 4/CG/Task2/build/CMakeFiles/CMakeTmp'
Makefile:126: recipe for target 'cmTC_53ebb/fast' failed
make: *** [cmTC_53ebb/fast] Error 2


